2019-05-13 18:21:58.971 [main] INFO  com.kdc.dataclean.Application 50 - Starting Application on KEDA-995K4R2 with PID 4428 (E:\idea_workspace\data-clean\target\classes started by Administrator in E:\idea_workspace\data-clean)
2019-05-13 18:21:58.974 [main] INFO  com.kdc.dataclean.Application 675 - No active profile set, falling back to default profiles: default
2019-05-13 18:21:59.851 [main] INFO  o.s.boot.web.embedded.tomcat.TomcatWebServer 90 - Tomcat initialized with port(s): 8080 (http)
2019-05-13 18:21:59.862 [main] INFO  org.apache.coyote.http11.Http11NioProtocol 173 - Initializing ProtocolHandler ["http-nio-8080"]
2019-05-13 18:21:59.877 [main] INFO  org.apache.catalina.core.StandardService 173 - Starting service [Tomcat]
2019-05-13 18:21:59.878 [main] INFO  org.apache.catalina.core.StandardEngine 173 - Starting Servlet engine: [Apache Tomcat/9.0.17]
2019-05-13 18:21:59.965 [main] INFO  o.a.c.core.ContainerBase.[Tomcat].[localhost].[/] 173 - Initializing Spring embedded WebApplicationContext
2019-05-13 18:21:59.966 [main] INFO  org.springframework.web.context.ContextLoader 296 - Root WebApplicationContext: initialization completed in 961 ms
2019-05-13 18:22:00.220 [main] INFO  o.s.scheduling.concurrent.ThreadPoolTaskExecutor 171 - Initializing ExecutorService 'applicationTaskExecutor'
2019-05-13 18:22:00.343 [main] INFO  o.s.scheduling.concurrent.ThreadPoolTaskScheduler 171 - Initializing ExecutorService 'taskScheduler'
2019-05-13 18:22:00.386 [main] INFO  org.apache.coyote.http11.Http11NioProtocol 173 - Starting ProtocolHandler ["http-nio-8080"]
2019-05-13 18:22:00.428 [scheduling-1] WARN  c.a.druid.pool.vendor.MySqlValidConnectionChecker 53 - Cannot resolve com.mysq.jdbc.Connection.ping method.  Will use 'SELECT 1' instead.
java.lang.NullPointerException: null
	at com.alibaba.druid.pool.vendor.MySqlValidConnectionChecker.<init>(MySqlValidConnectionChecker.java:48)
	at com.alibaba.druid.pool.DruidDataSource.initValidConnectionChecker(DruidDataSource.java:878)
	at com.alibaba.druid.pool.DruidDataSource.init(DruidDataSource.java:594)
	at com.alibaba.druid.pool.DruidDataSource.getConnection(DruidDataSource.java:915)
	at com.alibaba.druid.pool.DruidDataSource.getConnection(DruidDataSource.java:911)
	at com.alibaba.druid.pool.DruidDataSource.getConnection(DruidDataSource.java:98)
	at org.springframework.jdbc.datasource.DataSourceUtils.fetchConnection(DataSourceUtils.java:157)
	at org.springframework.jdbc.datasource.DataSourceUtils.doGetConnection(DataSourceUtils.java:115)
	at org.springframework.jdbc.datasource.DataSourceUtils.getConnection(DataSourceUtils.java:78)
	at org.springframework.jdbc.core.JdbcTemplate.execute(JdbcTemplate.java:370)
	at org.springframework.jdbc.core.JdbcTemplate.query(JdbcTemplate.java:451)
	at org.springframework.jdbc.core.JdbcTemplate.query(JdbcTemplate.java:461)
	at org.springframework.jdbc.core.JdbcTemplate.queryForList(JdbcTemplate.java:489)
	at com.kdc.dataclean.job.service.WorkService.cleanData(WorkService.java:30)
	at com.kdc.dataclean.job.WorkJob.main(WorkJob.java:20)
	at sun.reflect.NativeMethodAccessorImpl.invoke0(Native Method)
	at sun.reflect.NativeMethodAccessorImpl.invoke(NativeMethodAccessorImpl.java:62)
	at sun.reflect.DelegatingMethodAccessorImpl.invoke(DelegatingMethodAccessorImpl.java:43)
	at java.lang.reflect.Method.invoke(Method.java:498)
	at org.springframework.scheduling.support.ScheduledMethodRunnable.run(ScheduledMethodRunnable.java:84)
	at org.springframework.scheduling.support.DelegatingErrorHandlingRunnable.run(DelegatingErrorHandlingRunnable.java:54)
	at java.util.concurrent.Executors$RunnableAdapter.call(Executors.java:511)
	at java.util.concurrent.FutureTask.runAndReset$$$capture(FutureTask.java:308)
	at java.util.concurrent.FutureTask.runAndReset(FutureTask.java)
	at java.util.concurrent.ScheduledThreadPoolExecutor$ScheduledFutureTask.access$301(ScheduledThreadPoolExecutor.java:180)
	at java.util.concurrent.ScheduledThreadPoolExecutor$ScheduledFutureTask.run(ScheduledThreadPoolExecutor.java:294)
	at java.util.concurrent.ThreadPoolExecutor.runWorker(ThreadPoolExecutor.java:1149)
	at java.util.concurrent.ThreadPoolExecutor$Worker.run(ThreadPoolExecutor.java:624)
	at java.lang.Thread.run(Thread.java:748)
2019-05-13 18:22:00.437 [main] INFO  o.s.boot.web.embedded.tomcat.TomcatWebServer 204 - Tomcat started on port(s): 8080 (http) with context path ''
2019-05-13 18:22:00.440 [scheduling-1] INFO  com.alibaba.druid.pool.DruidDataSource 655 - {dataSource-1} inited
2019-05-13 18:22:00.441 [main] INFO  com.kdc.dataclean.Application 59 - Started Application in 1.908 seconds (JVM running for 3.154)
2019-05-13 18:22:01.848 [scheduling-1] INFO  com.kdc.dataclean.job.service.WorkService 79 - 数据插入成功
2019-05-13 18:22:22.348 [Thread-3] INFO  o.s.scheduling.concurrent.ThreadPoolTaskScheduler 208 - Shutting down ExecutorService 'taskScheduler'
2019-05-13 18:22:22.349 [Thread-3] INFO  o.s.scheduling.concurrent.ThreadPoolTaskExecutor 208 - Shutting down ExecutorService 'applicationTaskExecutor'
2019-05-13 18:22:22.353 [Thread-3] INFO  com.alibaba.druid.pool.DruidDataSource 1370 - {dataSource-1} closed
2019-05-13 18:22:26.468 [main] INFO  com.kdc.dataclean.Application 50 - Starting Application on KEDA-995K4R2 with PID 10252 (E:\idea_workspace\data-clean\target\classes started by Administrator in E:\idea_workspace\data-clean)
2019-05-13 18:22:26.471 [main] INFO  com.kdc.dataclean.Application 675 - No active profile set, falling back to default profiles: default
2019-05-13 18:22:27.414 [main] INFO  o.s.boot.web.embedded.tomcat.TomcatWebServer 90 - Tomcat initialized with port(s): 8080 (http)
2019-05-13 18:22:27.425 [main] INFO  org.apache.coyote.http11.Http11NioProtocol 173 - Initializing ProtocolHandler ["http-nio-8080"]
2019-05-13 18:22:27.440 [main] INFO  org.apache.catalina.core.StandardService 173 - Starting service [Tomcat]
2019-05-13 18:22:27.441 [main] INFO  org.apache.catalina.core.StandardEngine 173 - Starting Servlet engine: [Apache Tomcat/9.0.17]
2019-05-13 18:22:27.527 [main] INFO  o.a.c.core.ContainerBase.[Tomcat].[localhost].[/] 173 - Initializing Spring embedded WebApplicationContext
2019-05-13 18:22:27.527 [main] INFO  org.springframework.web.context.ContextLoader 296 - Root WebApplicationContext: initialization completed in 1021 ms
2019-05-13 18:22:27.766 [main] INFO  o.s.scheduling.concurrent.ThreadPoolTaskExecutor 171 - Initializing ExecutorService 'applicationTaskExecutor'
2019-05-13 18:22:27.883 [main] INFO  o.s.scheduling.concurrent.ThreadPoolTaskScheduler 171 - Initializing ExecutorService 'taskScheduler'
2019-05-13 18:22:27.927 [main] INFO  org.apache.coyote.http11.Http11NioProtocol 173 - Starting ProtocolHandler ["http-nio-8080"]
2019-05-13 18:22:27.946 [scheduling-1] INFO  com.alibaba.druid.pool.DruidDataSource 655 - {dataSource-1} inited
2019-05-13 18:22:27.952 [main] INFO  o.s.boot.web.embedded.tomcat.TomcatWebServer 204 - Tomcat started on port(s): 8080 (http) with context path ''
2019-05-13 18:22:27.956 [main] INFO  com.kdc.dataclean.Application 59 - Started Application in 1.954 seconds (JVM running for 2.706)
2019-05-13 18:22:29.363 [scheduling-1] INFO  com.kdc.dataclean.job.service.WorkService 79 - 数据插入成功
2019-05-13 18:23:17.516 [Thread-3] INFO  o.s.scheduling.concurrent.ThreadPoolTaskScheduler 208 - Shutting down ExecutorService 'taskScheduler'
2019-05-13 18:23:17.517 [Thread-3] INFO  o.s.scheduling.concurrent.ThreadPoolTaskExecutor 208 - Shutting down ExecutorService 'applicationTaskExecutor'
2019-05-13 18:23:17.522 [Thread-3] INFO  com.alibaba.druid.pool.DruidDataSource 1370 - {dataSource-1} closed
