2019-05-22 09:21:13.282 [main] INFO  com.kdc.dataclean.Application 50 - Starting Application on KEDA-995K4R2 with PID 11456 (E:\idea_workspace\data-clean\target\classes started by Administrator in E:\idea_workspace\data-clean)
2019-05-22 09:21:13.284 [main] INFO  com.kdc.dataclean.Application 679 - The following profiles are active: prod
2019-05-22 09:21:13.943 [main] INFO  o.s.boot.web.embedded.tomcat.TomcatWebServer 90 - Tomcat initialized with port(s): 8080 (http)
2019-05-22 09:21:13.952 [main] INFO  org.apache.coyote.http11.Http11NioProtocol 173 - Initializing ProtocolHandler ["http-nio-8080"]
2019-05-22 09:21:13.958 [main] INFO  org.apache.catalina.core.StandardService 173 - Starting service [Tomcat]
2019-05-22 09:21:13.959 [main] INFO  org.apache.catalina.core.StandardEngine 173 - Starting Servlet engine: [Apache Tomcat/9.0.17]
2019-05-22 09:21:14.029 [main] INFO  o.a.c.core.ContainerBase.[Tomcat].[localhost].[/] 173 - Initializing Spring embedded WebApplicationContext
2019-05-22 09:21:14.030 [main] INFO  org.springframework.web.context.ContextLoader 296 - Root WebApplicationContext: initialization completed in 722 ms
2019-05-22 09:21:14.217 [main] INFO  o.s.scheduling.concurrent.ThreadPoolTaskExecutor 171 - Initializing ExecutorService 'applicationTaskExecutor'
2019-05-22 09:21:14.298 [main] INFO  o.s.scheduling.concurrent.ThreadPoolTaskScheduler 171 - Initializing ExecutorService 'taskScheduler'
2019-05-22 09:21:14.325 [main] INFO  org.apache.coyote.http11.Http11NioProtocol 173 - Starting ProtocolHandler ["http-nio-8080"]
2019-05-22 09:21:14.337 [scheduling-1] INFO  com.alibaba.druid.pool.DruidDataSource 655 - {dataSource-1} inited
2019-05-22 09:21:14.341 [main] INFO  o.s.boot.web.embedded.tomcat.TomcatWebServer 204 - Tomcat started on port(s): 8080 (http) with context path ''
2019-05-22 09:21:14.343 [main] INFO  com.kdc.dataclean.Application 59 - Started Application in 1.461 seconds (JVM running for 2.231)
2019-05-22 09:21:15.139 [scheduling-1] INFO  c.k.d.job.service.CommunityBasePersonWorkService 187 - 共有数据15272条
2019-05-22 09:21:18.917 [scheduling-1] INFO  c.k.d.job.service.CommunityBasePersonWorkService 193 - 14335条数据插入目标表成功
2019-05-22 09:21:18.918 [scheduling-1] INFO  c.k.d.job.service.CommunityBasePersonWorkService 198 - 0条数据更新目标表成功
2019-05-22 09:21:56.735 [scheduling-1] INFO  c.k.d.job.service.CommunityBasePersonWorkService 202 - 15272条数据插入状态表成功
2019-05-22 09:21:56.736 [scheduling-1] INFO  c.k.d.job.service.CommunityBasePersonWorkService 203 - 925条数据身份证为空没有处理
2019-05-22 09:21:56.736 [scheduling-1] INFO  c.k.d.job.service.CommunityBasePersonWorkService 204 - 12条数据check出来了error
2019-05-22 09:21:56.737 [scheduling-1] INFO  c.k.d.job.service.CommunityBasePersonWorkService 209 - 4条数据民族是其他
2019-05-22 09:21:56.737 [scheduling-1] INFO  c.k.d.job.service.CommunityBasePersonWorkService 212 - 800条数据学历有问题
2019-05-22 09:21:56.737 [scheduling-1] INFO  c.k.d.job.service.CommunityBasePersonWorkService 215 - 0条数据政治面貌有问题
2019-05-22 09:21:56.737 [scheduling-1] INFO  c.k.d.job.service.CommunityBasePersonWorkService 218 - 824条数据婚姻状态有问题
2019-05-22 09:22:46.999 [main] INFO  com.kdc.dataclean.Application 50 - Starting Application on KEDA-995K4R2 with PID 5464 (E:\idea_workspace\data-clean\target\classes started by Administrator in E:\idea_workspace\data-clean)
2019-05-22 09:22:47.001 [main] INFO  com.kdc.dataclean.Application 679 - The following profiles are active: prod
2019-05-22 09:22:47.748 [main] INFO  o.s.boot.web.embedded.tomcat.TomcatWebServer 90 - Tomcat initialized with port(s): 8080 (http)
2019-05-22 09:22:47.757 [main] INFO  org.apache.coyote.http11.Http11NioProtocol 173 - Initializing ProtocolHandler ["http-nio-8080"]
2019-05-22 09:22:47.763 [main] INFO  org.apache.catalina.core.StandardService 173 - Starting service [Tomcat]
2019-05-22 09:22:47.763 [main] INFO  org.apache.catalina.core.StandardEngine 173 - Starting Servlet engine: [Apache Tomcat/9.0.17]
2019-05-22 09:22:47.833 [main] INFO  o.a.c.core.ContainerBase.[Tomcat].[localhost].[/] 173 - Initializing Spring embedded WebApplicationContext
2019-05-22 09:22:47.834 [main] INFO  org.springframework.web.context.ContextLoader 296 - Root WebApplicationContext: initialization completed in 801 ms
2019-05-22 09:22:48.021 [main] INFO  o.s.scheduling.concurrent.ThreadPoolTaskExecutor 171 - Initializing ExecutorService 'applicationTaskExecutor'
2019-05-22 09:22:48.100 [main] INFO  o.s.scheduling.concurrent.ThreadPoolTaskScheduler 171 - Initializing ExecutorService 'taskScheduler'
2019-05-22 09:22:48.127 [main] INFO  org.apache.coyote.http11.Http11NioProtocol 173 - Starting ProtocolHandler ["http-nio-8080"]
2019-05-22 09:22:48.140 [scheduling-1] INFO  com.alibaba.druid.pool.DruidDataSource 655 - {dataSource-1} inited
2019-05-22 09:22:48.144 [main] INFO  o.s.boot.web.embedded.tomcat.TomcatWebServer 204 - Tomcat started on port(s): 8080 (http) with context path ''
2019-05-22 09:22:48.146 [main] INFO  com.kdc.dataclean.Application 59 - Started Application in 1.468 seconds (JVM running for 1.934)
2019-05-22 09:22:55.976 [scheduling-1] INFO  c.k.d.job.service.ExcelBasePersonWorkService 164 - 共有数据48895条
2019-05-22 09:22:58.720 [scheduling-1] INFO  c.k.d.job.service.ExcelBasePersonWorkService 172 - 36765条数据插入目标表成功
2019-05-22 09:23:28.812 [scheduling-1] INFO  c.k.d.job.service.ExcelBasePersonWorkService 177 - 12129条数据更新目标表成功
2019-05-22 09:23:30.277 [scheduling-1] INFO  c.k.d.job.service.ExcelBasePersonWorkService 181 - 48895条数据插入状态表成功
2019-05-22 09:23:30.277 [scheduling-1] INFO  c.k.d.job.service.ExcelBasePersonWorkService 182 - 0条数据身份证为空没有处理
2019-05-22 09:23:30.278 [scheduling-1] INFO  c.k.d.job.service.ExcelBasePersonWorkService 183 - 1条数据check出来了error
2019-05-22 09:24:47.998 [main] INFO  com.kdc.dataclean.Application 50 - Starting Application on KEDA-995K4R2 with PID 2084 (E:\idea_workspace\data-clean\target\classes started by Administrator in E:\idea_workspace\data-clean)
2019-05-22 09:24:48.001 [main] INFO  com.kdc.dataclean.Application 679 - The following profiles are active: prod
2019-05-22 09:24:49.035 [main] INFO  o.s.boot.web.embedded.tomcat.TomcatWebServer 90 - Tomcat initialized with port(s): 8080 (http)
2019-05-22 09:24:49.044 [main] INFO  org.apache.coyote.http11.Http11NioProtocol 173 - Initializing ProtocolHandler ["http-nio-8080"]
2019-05-22 09:24:49.050 [main] INFO  org.apache.catalina.core.StandardService 173 - Starting service [Tomcat]
2019-05-22 09:24:49.050 [main] INFO  org.apache.catalina.core.StandardEngine 173 - Starting Servlet engine: [Apache Tomcat/9.0.17]
2019-05-22 09:24:49.127 [main] INFO  o.a.c.core.ContainerBase.[Tomcat].[localhost].[/] 173 - Initializing Spring embedded WebApplicationContext
2019-05-22 09:24:49.127 [main] INFO  org.springframework.web.context.ContextLoader 296 - Root WebApplicationContext: initialization completed in 1085 ms
2019-05-22 09:24:49.322 [main] INFO  o.s.scheduling.concurrent.ThreadPoolTaskExecutor 171 - Initializing ExecutorService 'applicationTaskExecutor'
2019-05-22 09:24:49.400 [main] INFO  o.s.scheduling.concurrent.ThreadPoolTaskScheduler 171 - Initializing ExecutorService 'taskScheduler'
2019-05-22 09:24:49.428 [main] INFO  org.apache.coyote.http11.Http11NioProtocol 173 - Starting ProtocolHandler ["http-nio-8080"]
2019-05-22 09:24:49.442 [scheduling-1] INFO  com.alibaba.druid.pool.DruidDataSource 655 - {dataSource-1} inited
2019-05-22 09:24:49.445 [main] INFO  o.s.boot.web.embedded.tomcat.TomcatWebServer 204 - Tomcat started on port(s): 8080 (http) with context path ''
2019-05-22 09:24:49.448 [main] INFO  com.kdc.dataclean.Application 59 - Started Application in 1.751 seconds (JVM running for 2.199)
2019-05-22 09:25:02.443 [scheduling-1] INFO  c.k.d.job.service.ExcelFloatPerosnWorkService 158 - 共有数据7306条
2019-05-22 09:25:02.890 [scheduling-1] INFO  c.k.d.job.service.ExcelFloatPerosnWorkService 164 - 7306条数据插入目标表成功
2019-05-22 09:25:02.891 [scheduling-1] INFO  c.k.d.job.service.ExcelFloatPerosnWorkService 169 - 0条数据更新目标表成功
2019-05-22 09:25:03.118 [scheduling-1] INFO  c.k.d.job.service.ExcelFloatPerosnWorkService 173 - 7306条数据插入状态表成功
2019-05-22 09:25:03.119 [scheduling-1] INFO  c.k.d.job.service.ExcelFloatPerosnWorkService 174 - 0条数据身份证为空没有处理
2019-05-22 09:25:03.119 [scheduling-1] INFO  c.k.d.job.service.ExcelFloatPerosnWorkService 175 - 0条数据check出来了error
2019-05-22 09:25:03.461 [scheduling-1] INFO  c.k.d.job.service.ExcelFloatPerosnWorkService 181 - 插入基本人口表7277条
2019-05-22 09:26:01.869 [main] INFO  com.kdc.dataclean.Application 50 - Starting Application on KEDA-995K4R2 with PID 9236 (E:\idea_workspace\data-clean\target\classes started by Administrator in E:\idea_workspace\data-clean)
2019-05-22 09:26:01.873 [main] INFO  com.kdc.dataclean.Application 679 - The following profiles are active: prod
2019-05-22 09:26:02.610 [main] INFO  o.s.boot.web.embedded.tomcat.TomcatWebServer 90 - Tomcat initialized with port(s): 8080 (http)
2019-05-22 09:26:02.619 [main] INFO  org.apache.coyote.http11.Http11NioProtocol 173 - Initializing ProtocolHandler ["http-nio-8080"]
2019-05-22 09:26:02.625 [main] INFO  org.apache.catalina.core.StandardService 173 - Starting service [Tomcat]
2019-05-22 09:26:02.625 [main] INFO  org.apache.catalina.core.StandardEngine 173 - Starting Servlet engine: [Apache Tomcat/9.0.17]
2019-05-22 09:26:02.696 [main] INFO  o.a.c.core.ContainerBase.[Tomcat].[localhost].[/] 173 - Initializing Spring embedded WebApplicationContext
2019-05-22 09:26:02.697 [main] INFO  org.springframework.web.context.ContextLoader 296 - Root WebApplicationContext: initialization completed in 787 ms
2019-05-22 09:26:02.882 [main] INFO  o.s.scheduling.concurrent.ThreadPoolTaskExecutor 171 - Initializing ExecutorService 'applicationTaskExecutor'
2019-05-22 09:26:02.963 [main] INFO  o.s.scheduling.concurrent.ThreadPoolTaskScheduler 171 - Initializing ExecutorService 'taskScheduler'
2019-05-22 09:26:02.990 [main] INFO  org.apache.coyote.http11.Http11NioProtocol 173 - Starting ProtocolHandler ["http-nio-8080"]
2019-05-22 09:26:03.004 [scheduling-1] INFO  com.alibaba.druid.pool.DruidDataSource 655 - {dataSource-1} inited
2019-05-22 09:26:03.007 [main] INFO  o.s.boot.web.embedded.tomcat.TomcatWebServer 204 - Tomcat started on port(s): 8080 (http) with context path ''
2019-05-22 09:26:03.010 [main] INFO  com.kdc.dataclean.Application 59 - Started Application in 1.514 seconds (JVM running for 1.992)
2019-05-22 09:26:03.488 [scheduling-1] INFO  c.k.d.j.service.CommunityDisabledPersonWorkService 184 - 共有数据1148条
2019-05-22 09:26:03.542 [scheduling-1] INFO  c.k.d.j.service.CommunityDisabledPersonWorkService 190 - 556条数据插入目标表成功
2019-05-22 09:26:03.543 [scheduling-1] INFO  c.k.d.j.service.CommunityDisabledPersonWorkService 195 - 0条数据更新目标表成功
2019-05-22 09:26:03.582 [scheduling-1] INFO  c.k.d.j.service.CommunityDisabledPersonWorkService 199 - 1148条数据插入状态表成功
2019-05-22 09:26:03.582 [scheduling-1] INFO  c.k.d.j.service.CommunityDisabledPersonWorkService 200 - 592条数据身份证为空没有处理
2019-05-22 09:26:03.582 [scheduling-1] INFO  c.k.d.j.service.CommunityDisabledPersonWorkService 201 - 0条数据check出来了error
2019-05-22 09:26:03.593 [scheduling-1] INFO  c.k.d.j.service.CommunityDisabledPersonWorkService 208 - 插入基本人口表129条
2019-05-22 09:26:26.472 [main] INFO  com.kdc.dataclean.Application 50 - Starting Application on KEDA-995K4R2 with PID 2632 (E:\idea_workspace\data-clean\target\classes started by Administrator in E:\idea_workspace\data-clean)
2019-05-22 09:26:26.474 [main] INFO  com.kdc.dataclean.Application 679 - The following profiles are active: prod
2019-05-22 09:26:27.258 [main] INFO  o.s.boot.web.embedded.tomcat.TomcatWebServer 90 - Tomcat initialized with port(s): 8080 (http)
2019-05-22 09:26:27.267 [main] INFO  org.apache.coyote.http11.Http11NioProtocol 173 - Initializing ProtocolHandler ["http-nio-8080"]
2019-05-22 09:26:27.273 [main] INFO  org.apache.catalina.core.StandardService 173 - Starting service [Tomcat]
2019-05-22 09:26:27.274 [main] INFO  org.apache.catalina.core.StandardEngine 173 - Starting Servlet engine: [Apache Tomcat/9.0.17]
2019-05-22 09:26:27.348 [main] INFO  o.a.c.core.ContainerBase.[Tomcat].[localhost].[/] 173 - Initializing Spring embedded WebApplicationContext
2019-05-22 09:26:27.348 [main] INFO  org.springframework.web.context.ContextLoader 296 - Root WebApplicationContext: initialization completed in 843 ms
2019-05-22 09:26:27.539 [main] INFO  o.s.scheduling.concurrent.ThreadPoolTaskExecutor 171 - Initializing ExecutorService 'applicationTaskExecutor'
2019-05-22 09:26:27.619 [main] INFO  o.s.scheduling.concurrent.ThreadPoolTaskScheduler 171 - Initializing ExecutorService 'taskScheduler'
2019-05-22 09:26:27.645 [main] INFO  org.apache.coyote.http11.Http11NioProtocol 173 - Starting ProtocolHandler ["http-nio-8080"]
2019-05-22 09:26:27.658 [scheduling-1] INFO  com.alibaba.druid.pool.DruidDataSource 655 - {dataSource-1} inited
2019-05-22 09:26:27.662 [main] INFO  o.s.boot.web.embedded.tomcat.TomcatWebServer 204 - Tomcat started on port(s): 8080 (http) with context path ''
2019-05-22 09:26:27.665 [main] INFO  com.kdc.dataclean.Application 59 - Started Application in 1.521 seconds (JVM running for 1.956)
2019-05-22 09:26:28.597 [scheduling-1] INFO  c.k.d.job.service.ExcelDisabledPersonWorkService 169 - 共有数据827条
2019-05-22 09:26:29.338 [scheduling-1] INFO  c.k.d.job.service.ExcelDisabledPersonWorkService 175 - 809条数据插入目标表成功
2019-05-22 09:26:29.483 [scheduling-1] INFO  c.k.d.job.service.ExcelDisabledPersonWorkService 180 - 18条数据更新目标表成功
2019-05-22 09:26:29.522 [scheduling-1] INFO  c.k.d.job.service.ExcelDisabledPersonWorkService 184 - 827条数据插入状态表成功
2019-05-22 09:26:29.522 [scheduling-1] INFO  c.k.d.job.service.ExcelDisabledPersonWorkService 185 - 0条数据身份证为空没有处理
2019-05-22 09:26:29.522 [scheduling-1] INFO  c.k.d.job.service.ExcelDisabledPersonWorkService 186 - 0条数据check出来了error
2019-05-22 09:26:29.542 [scheduling-1] INFO  c.k.d.job.service.ExcelDisabledPersonWorkService 192 - 插入基本人口表298条
2019-05-22 09:26:29.542 [scheduling-1] INFO  c.k.d.job.service.ExcelDisabledPersonWorkService 195 - 220条数据残疾等级有问题
2019-05-22 09:27:24.507 [main] INFO  com.kdc.dataclean.Application 50 - Starting Application on KEDA-995K4R2 with PID 4424 (E:\idea_workspace\data-clean\target\classes started by Administrator in E:\idea_workspace\data-clean)
2019-05-22 09:27:24.509 [main] INFO  com.kdc.dataclean.Application 679 - The following profiles are active: prod
2019-05-22 09:27:25.245 [main] INFO  o.s.boot.web.embedded.tomcat.TomcatWebServer 90 - Tomcat initialized with port(s): 8080 (http)
2019-05-22 09:27:25.254 [main] INFO  org.apache.coyote.http11.Http11NioProtocol 173 - Initializing ProtocolHandler ["http-nio-8080"]
2019-05-22 09:27:25.261 [main] INFO  org.apache.catalina.core.StandardService 173 - Starting service [Tomcat]
2019-05-22 09:27:25.261 [main] INFO  org.apache.catalina.core.StandardEngine 173 - Starting Servlet engine: [Apache Tomcat/9.0.17]
2019-05-22 09:27:25.334 [main] INFO  o.a.c.core.ContainerBase.[Tomcat].[localhost].[/] 173 - Initializing Spring embedded WebApplicationContext
2019-05-22 09:27:25.334 [main] INFO  org.springframework.web.context.ContextLoader 296 - Root WebApplicationContext: initialization completed in 792 ms
2019-05-22 09:27:25.519 [main] INFO  o.s.scheduling.concurrent.ThreadPoolTaskExecutor 171 - Initializing ExecutorService 'applicationTaskExecutor'
2019-05-22 09:27:25.596 [main] INFO  o.s.scheduling.concurrent.ThreadPoolTaskScheduler 171 - Initializing ExecutorService 'taskScheduler'
2019-05-22 09:27:25.623 [main] INFO  org.apache.coyote.http11.Http11NioProtocol 173 - Starting ProtocolHandler ["http-nio-8080"]
2019-05-22 09:27:25.637 [scheduling-1] INFO  com.alibaba.druid.pool.DruidDataSource 655 - {dataSource-1} inited
2019-05-22 09:27:25.641 [main] INFO  o.s.boot.web.embedded.tomcat.TomcatWebServer 204 - Tomcat started on port(s): 8080 (http) with context path ''
2019-05-22 09:27:25.643 [main] INFO  com.kdc.dataclean.Application 59 - Started Application in 1.463 seconds (JVM running for 1.959)
2019-05-22 09:27:25.827 [scheduling-1] INFO  c.k.d.job.service.CommunityOvrseaPersonWorkService 107 - 共有数据151条
2019-05-22 09:27:25.865 [scheduling-1] INFO  c.k.d.job.service.CommunityOvrseaPersonWorkService 113 - 151条数据插入目标表成功
2019-05-22 09:27:25.875 [scheduling-1] INFO  c.k.d.job.service.CommunityOvrseaPersonWorkService 119 - 151条数据插入状态表成功
2019-05-22 09:27:25.875 [scheduling-1] INFO  c.k.d.job.service.CommunityOvrseaPersonWorkService 120 - 0条数据身份证为空没有处理
2019-05-22 09:27:25.875 [scheduling-1] INFO  c.k.d.job.service.CommunityOvrseaPersonWorkService 121 - 0条数据check出来了error
2019-05-22 09:28:21.286 [main] INFO  com.kdc.dataclean.Application 50 - Starting Application on KEDA-995K4R2 with PID 10192 (E:\idea_workspace\data-clean\target\classes started by Administrator in E:\idea_workspace\data-clean)
2019-05-22 09:28:21.288 [main] INFO  com.kdc.dataclean.Application 679 - The following profiles are active: prod
2019-05-22 09:28:22.086 [main] INFO  o.s.boot.web.embedded.tomcat.TomcatWebServer 90 - Tomcat initialized with port(s): 8080 (http)
2019-05-22 09:28:22.095 [main] INFO  org.apache.coyote.http11.Http11NioProtocol 173 - Initializing ProtocolHandler ["http-nio-8080"]
2019-05-22 09:28:22.101 [main] INFO  org.apache.catalina.core.StandardService 173 - Starting service [Tomcat]
2019-05-22 09:28:22.101 [main] INFO  org.apache.catalina.core.StandardEngine 173 - Starting Servlet engine: [Apache Tomcat/9.0.17]
2019-05-22 09:28:22.171 [main] INFO  o.a.c.core.ContainerBase.[Tomcat].[localhost].[/] 173 - Initializing Spring embedded WebApplicationContext
2019-05-22 09:28:22.172 [main] INFO  org.springframework.web.context.ContextLoader 296 - Root WebApplicationContext: initialization completed in 841 ms
2019-05-22 09:28:22.356 [main] INFO  o.s.scheduling.concurrent.ThreadPoolTaskExecutor 171 - Initializing ExecutorService 'applicationTaskExecutor'
2019-05-22 09:28:22.434 [main] INFO  o.s.scheduling.concurrent.ThreadPoolTaskScheduler 171 - Initializing ExecutorService 'taskScheduler'
2019-05-22 09:28:22.461 [main] INFO  org.apache.coyote.http11.Http11NioProtocol 173 - Starting ProtocolHandler ["http-nio-8080"]
2019-05-22 09:28:22.475 [scheduling-1] INFO  com.alibaba.druid.pool.DruidDataSource 655 - {dataSource-1} inited
2019-05-22 09:28:22.478 [main] INFO  o.s.boot.web.embedded.tomcat.TomcatWebServer 204 - Tomcat started on port(s): 8080 (http) with context path ''
2019-05-22 09:28:22.481 [main] INFO  com.kdc.dataclean.Application 59 - Started Application in 1.49 seconds (JVM running for 1.964)
2019-05-22 09:28:23.352 [scheduling-1] INFO  c.k.d.job.service.CommunityPartyMbeWorkService 167 - 共有数据2027条
2019-05-22 09:28:23.429 [scheduling-1] INFO  c.k.d.job.service.CommunityPartyMbeWorkService 173 - 1282条数据插入目标表成功
2019-05-22 09:28:23.430 [scheduling-1] INFO  c.k.d.job.service.CommunityPartyMbeWorkService 178 - 0条数据更新目标表成功
2019-05-22 09:28:23.504 [scheduling-1] INFO  c.k.d.job.service.CommunityPartyMbeWorkService 182 - 2027条数据插入状态表成功
2019-05-22 09:28:23.505 [scheduling-1] INFO  c.k.d.job.service.CommunityPartyMbeWorkService 183 - 700条数据身份证为空没有处理
2019-05-22 09:28:23.505 [scheduling-1] INFO  c.k.d.job.service.CommunityPartyMbeWorkService 184 - 45条数据check出来了error
2019-05-22 09:28:23.533 [scheduling-1] INFO  c.k.d.job.service.CommunityPartyMbeWorkService 191 - 插入基本人口表551条
2019-05-22 09:30:11.264 [main] INFO  com.kdc.dataclean.Application 50 - Starting Application on KEDA-995K4R2 with PID 5336 (E:\idea_workspace\data-clean\target\classes started by Administrator in E:\idea_workspace\data-clean)
2019-05-22 09:30:11.266 [main] INFO  com.kdc.dataclean.Application 679 - The following profiles are active: prod
2019-05-22 09:30:12.178 [main] INFO  o.s.boot.web.embedded.tomcat.TomcatWebServer 90 - Tomcat initialized with port(s): 8080 (http)
2019-05-22 09:30:12.188 [main] INFO  org.apache.coyote.http11.Http11NioProtocol 173 - Initializing ProtocolHandler ["http-nio-8080"]
2019-05-22 09:30:12.194 [main] INFO  org.apache.catalina.core.StandardService 173 - Starting service [Tomcat]
2019-05-22 09:30:12.194 [main] INFO  org.apache.catalina.core.StandardEngine 173 - Starting Servlet engine: [Apache Tomcat/9.0.17]
2019-05-22 09:30:12.272 [main] INFO  o.a.c.core.ContainerBase.[Tomcat].[localhost].[/] 173 - Initializing Spring embedded WebApplicationContext
2019-05-22 09:30:12.272 [main] INFO  org.springframework.web.context.ContextLoader 296 - Root WebApplicationContext: initialization completed in 967 ms
2019-05-22 09:30:12.469 [main] INFO  o.s.scheduling.concurrent.ThreadPoolTaskExecutor 171 - Initializing ExecutorService 'applicationTaskExecutor'
2019-05-22 09:30:12.556 [main] INFO  o.s.scheduling.concurrent.ThreadPoolTaskScheduler 171 - Initializing ExecutorService 'taskScheduler'
2019-05-22 09:30:12.584 [main] INFO  org.apache.coyote.http11.Http11NioProtocol 173 - Starting ProtocolHandler ["http-nio-8080"]
2019-05-22 09:30:12.597 [scheduling-1] INFO  com.alibaba.druid.pool.DruidDataSource 655 - {dataSource-1} inited
2019-05-22 09:30:12.601 [main] INFO  o.s.boot.web.embedded.tomcat.TomcatWebServer 204 - Tomcat started on port(s): 8080 (http) with context path ''
2019-05-22 09:30:12.603 [main] INFO  com.kdc.dataclean.Application 59 - Started Application in 1.636 seconds (JVM running for 2.086)
2019-05-22 09:30:12.748 [scheduling-1] INFO  c.k.d.job.service.NonPblicEcnmyOrgWorkService 89 - 共有数据297条
2019-05-22 09:30:12.751 [scheduling-1] INFO  com.alibaba.druid.pool.DruidDataSource 655 - {dataSource-2} inited
2019-05-22 09:30:12.802 [scheduling-1] INFO  c.k.d.job.service.NonPblicEcnmyOrgWorkService 95 - 297条数据插入目标表成功
2019-05-22 09:30:12.815 [scheduling-1] INFO  c.k.d.job.service.NonPblicEcnmyOrgWorkService 100 - 297条数据插入状态表成功
2019-05-22 09:30:12.815 [scheduling-1] INFO  c.k.d.job.service.NonPblicEcnmyOrgWorkService 101 - 0条数据身份证为空没有处理
2019-05-22 09:30:12.815 [scheduling-1] INFO  c.k.d.job.service.NonPblicEcnmyOrgWorkService 102 - 0条数据check出来了error
2019-05-22 13:33:51.839 [main] INFO  com.kdc.dataclean.Application 50 - Starting Application on KEDA-995K4R2 with PID 4644 (E:\idea_workspace\data-clean\target\classes started by Administrator in E:\idea_workspace\data-clean)
2019-05-22 13:33:51.841 [main] INFO  com.kdc.dataclean.Application 679 - The following profiles are active: prod
2019-05-22 13:33:52.628 [main] INFO  o.s.boot.web.embedded.tomcat.TomcatWebServer 90 - Tomcat initialized with port(s): 8080 (http)
2019-05-22 13:33:52.638 [main] INFO  org.apache.coyote.http11.Http11NioProtocol 173 - Initializing ProtocolHandler ["http-nio-8080"]
2019-05-22 13:33:52.644 [main] INFO  org.apache.catalina.core.StandardService 173 - Starting service [Tomcat]
2019-05-22 13:33:52.644 [main] INFO  org.apache.catalina.core.StandardEngine 173 - Starting Servlet engine: [Apache Tomcat/9.0.17]
2019-05-22 13:33:52.719 [main] INFO  o.a.c.core.ContainerBase.[Tomcat].[localhost].[/] 173 - Initializing Spring embedded WebApplicationContext
2019-05-22 13:33:52.719 [main] INFO  org.springframework.web.context.ContextLoader 296 - Root WebApplicationContext: initialization completed in 852 ms
2019-05-22 13:33:52.907 [main] INFO  o.s.scheduling.concurrent.ThreadPoolTaskExecutor 171 - Initializing ExecutorService 'applicationTaskExecutor'
2019-05-22 13:33:52.986 [main] INFO  o.s.scheduling.concurrent.ThreadPoolTaskScheduler 171 - Initializing ExecutorService 'taskScheduler'
2019-05-22 13:33:53.015 [main] INFO  org.apache.coyote.http11.Http11NioProtocol 173 - Starting ProtocolHandler ["http-nio-8080"]
2019-05-22 13:33:53.028 [scheduling-1] INFO  com.alibaba.druid.pool.DruidDataSource 655 - {dataSource-1} inited
2019-05-22 13:33:53.032 [main] INFO  o.s.boot.web.embedded.tomcat.TomcatWebServer 204 - Tomcat started on port(s): 8080 (http) with context path ''
2019-05-22 13:33:53.034 [main] INFO  com.kdc.dataclean.Application 59 - Started Application in 1.511 seconds (JVM running for 1.955)
2019-05-22 13:33:53.885 [scheduling-1] INFO  c.k.d.job.service.CommunityPartyMbeWorkService 167 - 共有数据2027条
2019-05-22 13:33:55.172 [scheduling-1] INFO  c.k.d.job.service.CommunityPartyMbeWorkService 173 - 1282条数据插入目标表成功
2019-05-22 13:33:55.172 [scheduling-1] INFO  c.k.d.job.service.CommunityPartyMbeWorkService 178 - 0条数据更新目标表成功
2019-05-22 13:33:55.251 [scheduling-1] INFO  c.k.d.job.service.CommunityPartyMbeWorkService 182 - 2027条数据插入状态表成功
2019-05-22 13:33:55.251 [scheduling-1] INFO  c.k.d.job.service.CommunityPartyMbeWorkService 183 - 700条数据身份证为空没有处理
2019-05-22 13:33:55.252 [scheduling-1] INFO  c.k.d.job.service.CommunityPartyMbeWorkService 184 - 45条数据check出来了error
2019-05-22 13:33:55.290 [scheduling-1] INFO  c.k.d.job.service.CommunityPartyMbeWorkService 191 - 插入基本人口表551条
2019-05-22 18:01:54.503 [main] INFO  com.kdc.dataclean.Application 50 - Starting Application on KEDA-995K4R2 with PID 1104 (E:\idea_workspace\data-clean\target\classes started by Administrator in E:\idea_workspace\data-clean)
2019-05-22 18:01:54.505 [main] INFO  com.kdc.dataclean.Application 679 - The following profiles are active: prod
2019-05-22 18:01:55.403 [main] INFO  o.s.boot.web.embedded.tomcat.TomcatWebServer 90 - Tomcat initialized with port(s): 8080 (http)
2019-05-22 18:01:55.412 [main] INFO  org.apache.coyote.http11.Http11NioProtocol 173 - Initializing ProtocolHandler ["http-nio-8080"]
2019-05-22 18:01:55.418 [main] INFO  org.apache.catalina.core.StandardService 173 - Starting service [Tomcat]
2019-05-22 18:01:55.418 [main] INFO  org.apache.catalina.core.StandardEngine 173 - Starting Servlet engine: [Apache Tomcat/9.0.17]
2019-05-22 18:01:55.495 [main] INFO  o.a.c.core.ContainerBase.[Tomcat].[localhost].[/] 173 - Initializing Spring embedded WebApplicationContext
2019-05-22 18:01:55.496 [main] INFO  org.springframework.web.context.ContextLoader 296 - Root WebApplicationContext: initialization completed in 935 ms
2019-05-22 18:01:55.705 [main] INFO  o.s.scheduling.concurrent.ThreadPoolTaskExecutor 171 - Initializing ExecutorService 'applicationTaskExecutor'
2019-05-22 18:01:55.791 [main] INFO  o.s.scheduling.concurrent.ThreadPoolTaskScheduler 171 - Initializing ExecutorService 'taskScheduler'
2019-05-22 18:01:55.823 [main] INFO  org.apache.coyote.http11.Http11NioProtocol 173 - Starting ProtocolHandler ["http-nio-8080"]
2019-05-22 18:01:55.836 [scheduling-1] INFO  com.alibaba.druid.pool.DruidDataSource 655 - {dataSource-1} inited
2019-05-22 18:01:55.840 [main] INFO  o.s.boot.web.embedded.tomcat.TomcatWebServer 204 - Tomcat started on port(s): 8080 (http) with context path ''
2019-05-22 18:01:55.843 [main] INFO  com.kdc.dataclean.Application 59 - Started Application in 1.66 seconds (JVM running for 2.148)
2019-05-22 18:01:56.035 [scheduling-1] INFO  com.alibaba.druid.pool.DruidDataSource 655 - {dataSource-2} inited
2019-05-22 18:01:56.054 [scheduling-1] ERROR o.s.s.support.TaskUtils$LoggingErrorHandler 96 - Unexpected error occurred in scheduled task.
java.lang.NullPointerException: null
	at com.kdc.dataclean.job.service.AddRessHouseWorkService.lambda$cleanData$1(AddRessHouseWorkService.java:63)
	at java.util.ArrayList.forEach(ArrayList.java:1257)
	at com.kdc.dataclean.job.service.AddRessHouseWorkService.cleanData(AddRessHouseWorkService.java:58)
	at com.kdc.dataclean.job.WorkJob.addRessHouseExecute(WorkJob.java:103)
	at sun.reflect.NativeMethodAccessorImpl.invoke0(Native Method)
	at sun.reflect.NativeMethodAccessorImpl.invoke(NativeMethodAccessorImpl.java:62)
	at sun.reflect.DelegatingMethodAccessorImpl.invoke(DelegatingMethodAccessorImpl.java:43)
	at java.lang.reflect.Method.invoke(Method.java:498)
	at org.springframework.scheduling.support.ScheduledMethodRunnable.run(ScheduledMethodRunnable.java:84)
	at org.springframework.scheduling.support.DelegatingErrorHandlingRunnable.run(DelegatingErrorHandlingRunnable.java:54)
	at java.util.concurrent.Executors$RunnableAdapter.call(Executors.java:511)
	at java.util.concurrent.FutureTask.runAndReset(FutureTask.java:308)
	at java.util.concurrent.ScheduledThreadPoolExecutor$ScheduledFutureTask.access$301(ScheduledThreadPoolExecutor.java:180)
	at java.util.concurrent.ScheduledThreadPoolExecutor$ScheduledFutureTask.run(ScheduledThreadPoolExecutor.java:294)
	at java.util.concurrent.ThreadPoolExecutor.runWorker(ThreadPoolExecutor.java:1149)
	at java.util.concurrent.ThreadPoolExecutor$Worker.run(ThreadPoolExecutor.java:624)
	at java.lang.Thread.run(Thread.java:748)
2019-05-22 18:02:39.478 [main] INFO  com.kdc.dataclean.Application 50 - Starting Application on KEDA-995K4R2 with PID 4960 (E:\idea_workspace\data-clean\target\classes started by Administrator in E:\idea_workspace\data-clean)
2019-05-22 18:02:39.480 [main] INFO  com.kdc.dataclean.Application 679 - The following profiles are active: prod
2019-05-22 18:02:40.268 [main] INFO  o.s.boot.web.embedded.tomcat.TomcatWebServer 90 - Tomcat initialized with port(s): 8080 (http)
2019-05-22 18:02:40.276 [main] INFO  org.apache.coyote.http11.Http11NioProtocol 173 - Initializing ProtocolHandler ["http-nio-8080"]
2019-05-22 18:02:40.282 [main] INFO  org.apache.catalina.core.StandardService 173 - Starting service [Tomcat]
2019-05-22 18:02:40.283 [main] INFO  org.apache.catalina.core.StandardEngine 173 - Starting Servlet engine: [Apache Tomcat/9.0.17]
2019-05-22 18:02:40.357 [main] INFO  o.a.c.core.ContainerBase.[Tomcat].[localhost].[/] 173 - Initializing Spring embedded WebApplicationContext
2019-05-22 18:02:40.357 [main] INFO  org.springframework.web.context.ContextLoader 296 - Root WebApplicationContext: initialization completed in 842 ms
2019-05-22 18:02:40.547 [main] INFO  o.s.scheduling.concurrent.ThreadPoolTaskExecutor 171 - Initializing ExecutorService 'applicationTaskExecutor'
2019-05-22 18:02:40.627 [main] INFO  o.s.scheduling.concurrent.ThreadPoolTaskScheduler 171 - Initializing ExecutorService 'taskScheduler'
2019-05-22 18:02:40.657 [main] INFO  org.apache.coyote.http11.Http11NioProtocol 173 - Starting ProtocolHandler ["http-nio-8080"]
2019-05-22 18:02:40.672 [scheduling-1] INFO  com.alibaba.druid.pool.DruidDataSource 655 - {dataSource-1} inited
2019-05-22 18:02:40.675 [main] INFO  o.s.boot.web.embedded.tomcat.TomcatWebServer 204 - Tomcat started on port(s): 8080 (http) with context path ''
2019-05-22 18:02:40.678 [main] INFO  com.kdc.dataclean.Application 59 - Started Application in 1.508 seconds (JVM running for 2.017)
2019-05-22 18:02:40.847 [scheduling-1] INFO  com.alibaba.druid.pool.DruidDataSource 655 - {dataSource-2} inited
2019-05-22 18:02:40.873 [scheduling-1] ERROR o.s.s.support.TaskUtils$LoggingErrorHandler 96 - Unexpected error occurred in scheduled task.
java.lang.NullPointerException: null
	at com.kdc.dataclean.job.service.AddRessHouseWorkService.lambda$cleanData$1(AddRessHouseWorkService.java:64)
	at java.util.ArrayList.forEach(ArrayList.java:1257)
	at com.kdc.dataclean.job.service.AddRessHouseWorkService.cleanData(AddRessHouseWorkService.java:58)
	at com.kdc.dataclean.job.WorkJob.addRessHouseExecute(WorkJob.java:103)
	at sun.reflect.NativeMethodAccessorImpl.invoke0(Native Method)
	at sun.reflect.NativeMethodAccessorImpl.invoke(NativeMethodAccessorImpl.java:62)
	at sun.reflect.DelegatingMethodAccessorImpl.invoke(DelegatingMethodAccessorImpl.java:43)
	at java.lang.reflect.Method.invoke(Method.java:498)
	at org.springframework.scheduling.support.ScheduledMethodRunnable.run(ScheduledMethodRunnable.java:84)
	at org.springframework.scheduling.support.DelegatingErrorHandlingRunnable.run(DelegatingErrorHandlingRunnable.java:54)
	at java.util.concurrent.Executors$RunnableAdapter.call(Executors.java:511)
	at java.util.concurrent.FutureTask.runAndReset(FutureTask.java:308)
	at java.util.concurrent.ScheduledThreadPoolExecutor$ScheduledFutureTask.access$301(ScheduledThreadPoolExecutor.java:180)
	at java.util.concurrent.ScheduledThreadPoolExecutor$ScheduledFutureTask.run(ScheduledThreadPoolExecutor.java:294)
	at java.util.concurrent.ThreadPoolExecutor.runWorker(ThreadPoolExecutor.java:1149)
	at java.util.concurrent.ThreadPoolExecutor$Worker.run(ThreadPoolExecutor.java:624)
	at java.lang.Thread.run(Thread.java:748)
2019-05-22 18:05:52.232 [background-preinit] DEBUG o.h.v.m.ResourceBundleMessageInterpolator 89 - Loaded expression factory via original TCCL
2019-05-22 18:05:52.312 [main] INFO  com.kdc.dataclean.Application 50 - Starting Application on KEDA-995K4R2 with PID 4920 (E:\idea_workspace\data-clean\target\classes started by Administrator in E:\idea_workspace\data-clean)
2019-05-22 18:05:52.313 [main] INFO  com.kdc.dataclean.Application 679 - The following profiles are active: prod
2019-05-22 18:05:53.162 [main] INFO  o.s.boot.web.embedded.tomcat.TomcatWebServer 90 - Tomcat initialized with port(s): 8080 (http)
2019-05-22 18:05:53.171 [main] INFO  org.apache.coyote.http11.Http11NioProtocol 173 - Initializing ProtocolHandler ["http-nio-8080"]
2019-05-22 18:05:53.178 [main] INFO  org.apache.catalina.core.StandardService 173 - Starting service [Tomcat]
2019-05-22 18:05:53.178 [main] INFO  org.apache.catalina.core.StandardEngine 173 - Starting Servlet engine: [Apache Tomcat/9.0.17]
2019-05-22 18:05:53.258 [main] INFO  o.a.c.core.ContainerBase.[Tomcat].[localhost].[/] 173 - Initializing Spring embedded WebApplicationContext
2019-05-22 18:05:53.258 [main] INFO  org.springframework.web.context.ContextLoader 296 - Root WebApplicationContext: initialization completed in 909 ms
2019-05-22 18:05:53.449 [main] INFO  o.s.scheduling.concurrent.ThreadPoolTaskExecutor 171 - Initializing ExecutorService 'applicationTaskExecutor'
2019-05-22 18:05:53.531 [main] INFO  o.s.scheduling.concurrent.ThreadPoolTaskScheduler 171 - Initializing ExecutorService 'taskScheduler'
2019-05-22 18:05:53.559 [main] INFO  org.apache.coyote.http11.Http11NioProtocol 173 - Starting ProtocolHandler ["http-nio-8080"]
2019-05-22 18:05:53.572 [scheduling-1] INFO  com.alibaba.druid.pool.DruidDataSource 655 - {dataSource-1} inited
2019-05-22 18:05:53.576 [main] INFO  o.s.boot.web.embedded.tomcat.TomcatWebServer 204 - Tomcat started on port(s): 8080 (http) with context path ''
2019-05-22 18:05:53.578 [main] INFO  com.kdc.dataclean.Application 59 - Started Application in 1.573 seconds (JVM running for 2.093)
2019-05-22 18:05:53.743 [scheduling-1] INFO  com.alibaba.druid.pool.DruidDataSource 655 - {dataSource-2} inited
2019-05-22 18:05:53.768 [scheduling-1] ERROR o.s.s.support.TaskUtils$LoggingErrorHandler 96 - Unexpected error occurred in scheduled task.
java.lang.NullPointerException: null
	at com.kdc.dataclean.job.service.AddRessHouseWorkService.lambda$cleanData$1(AddRessHouseWorkService.java:66)
	at java.util.ArrayList.forEach(ArrayList.java:1257)
	at com.kdc.dataclean.job.service.AddRessHouseWorkService.cleanData(AddRessHouseWorkService.java:60)
	at com.kdc.dataclean.job.WorkJob.addRessHouseExecute(WorkJob.java:103)
	at sun.reflect.NativeMethodAccessorImpl.invoke0(Native Method)
	at sun.reflect.NativeMethodAccessorImpl.invoke(NativeMethodAccessorImpl.java:62)
	at sun.reflect.DelegatingMethodAccessorImpl.invoke(DelegatingMethodAccessorImpl.java:43)
	at java.lang.reflect.Method.invoke(Method.java:498)
	at org.springframework.scheduling.support.ScheduledMethodRunnable.run(ScheduledMethodRunnable.java:84)
	at org.springframework.scheduling.support.DelegatingErrorHandlingRunnable.run(DelegatingErrorHandlingRunnable.java:54)
	at java.util.concurrent.Executors$RunnableAdapter.call(Executors.java:511)
	at java.util.concurrent.FutureTask.runAndReset(FutureTask.java:308)
	at java.util.concurrent.ScheduledThreadPoolExecutor$ScheduledFutureTask.access$301(ScheduledThreadPoolExecutor.java:180)
	at java.util.concurrent.ScheduledThreadPoolExecutor$ScheduledFutureTask.run(ScheduledThreadPoolExecutor.java:294)
	at java.util.concurrent.ThreadPoolExecutor.runWorker(ThreadPoolExecutor.java:1149)
	at java.util.concurrent.ThreadPoolExecutor$Worker.run(ThreadPoolExecutor.java:624)
	at java.lang.Thread.run(Thread.java:748)
2019-05-22 18:07:50.034 [main] INFO  com.kdc.dataclean.Application 50 - Starting Application on KEDA-995K4R2 with PID 6552 (E:\idea_workspace\data-clean\target\classes started by Administrator in E:\idea_workspace\data-clean)
2019-05-22 18:07:50.036 [main] INFO  com.kdc.dataclean.Application 679 - The following profiles are active: prod
2019-05-22 18:07:50.816 [main] INFO  o.s.boot.web.embedded.tomcat.TomcatWebServer 90 - Tomcat initialized with port(s): 8080 (http)
2019-05-22 18:07:50.826 [main] INFO  org.apache.coyote.http11.Http11NioProtocol 173 - Initializing ProtocolHandler ["http-nio-8080"]
2019-05-22 18:07:50.832 [main] INFO  org.apache.catalina.core.StandardService 173 - Starting service [Tomcat]
2019-05-22 18:07:50.832 [main] INFO  org.apache.catalina.core.StandardEngine 173 - Starting Servlet engine: [Apache Tomcat/9.0.17]
2019-05-22 18:07:50.909 [main] INFO  o.a.c.core.ContainerBase.[Tomcat].[localhost].[/] 173 - Initializing Spring embedded WebApplicationContext
2019-05-22 18:07:50.910 [main] INFO  org.springframework.web.context.ContextLoader 296 - Root WebApplicationContext: initialization completed in 841 ms
2019-05-22 18:07:51.112 [main] INFO  o.s.scheduling.concurrent.ThreadPoolTaskExecutor 171 - Initializing ExecutorService 'applicationTaskExecutor'
2019-05-22 18:07:51.200 [main] INFO  o.s.scheduling.concurrent.ThreadPoolTaskScheduler 171 - Initializing ExecutorService 'taskScheduler'
2019-05-22 18:07:51.228 [main] INFO  org.apache.coyote.http11.Http11NioProtocol 173 - Starting ProtocolHandler ["http-nio-8080"]
2019-05-22 18:07:51.241 [scheduling-1] INFO  com.alibaba.druid.pool.DruidDataSource 655 - {dataSource-1} inited
2019-05-22 18:07:51.245 [main] INFO  o.s.boot.web.embedded.tomcat.TomcatWebServer 204 - Tomcat started on port(s): 8080 (http) with context path ''
2019-05-22 18:07:51.248 [main] INFO  com.kdc.dataclean.Application 59 - Started Application in 1.536 seconds (JVM running for 2.05)
2019-05-22 18:07:51.415 [scheduling-1] INFO  com.alibaba.druid.pool.DruidDataSource 655 - {dataSource-2} inited
2019-05-22 18:07:51.442 [scheduling-1] ERROR o.s.s.support.TaskUtils$LoggingErrorHandler 96 - Unexpected error occurred in scheduled task.
java.lang.NullPointerException: null
	at com.kdc.dataclean.job.service.AddRessHouseWorkService.lambda$cleanData$1(AddRessHouseWorkService.java:65)
	at java.util.ArrayList.forEach(ArrayList.java:1257)
	at com.kdc.dataclean.job.service.AddRessHouseWorkService.cleanData(AddRessHouseWorkService.java:59)
	at com.kdc.dataclean.job.WorkJob.addRessHouseExecute(WorkJob.java:103)
	at sun.reflect.NativeMethodAccessorImpl.invoke0(Native Method)
	at sun.reflect.NativeMethodAccessorImpl.invoke(NativeMethodAccessorImpl.java:62)
	at sun.reflect.DelegatingMethodAccessorImpl.invoke(DelegatingMethodAccessorImpl.java:43)
	at java.lang.reflect.Method.invoke(Method.java:498)
	at org.springframework.scheduling.support.ScheduledMethodRunnable.run(ScheduledMethodRunnable.java:84)
	at org.springframework.scheduling.support.DelegatingErrorHandlingRunnable.run(DelegatingErrorHandlingRunnable.java:54)
	at java.util.concurrent.Executors$RunnableAdapter.call(Executors.java:511)
	at java.util.concurrent.FutureTask.runAndReset(FutureTask.java:308)
	at java.util.concurrent.ScheduledThreadPoolExecutor$ScheduledFutureTask.access$301(ScheduledThreadPoolExecutor.java:180)
	at java.util.concurrent.ScheduledThreadPoolExecutor$ScheduledFutureTask.run(ScheduledThreadPoolExecutor.java:294)
	at java.util.concurrent.ThreadPoolExecutor.runWorker(ThreadPoolExecutor.java:1149)
	at java.util.concurrent.ThreadPoolExecutor$Worker.run(ThreadPoolExecutor.java:624)
	at java.lang.Thread.run(Thread.java:748)
2019-05-22 18:08:21.176 [main] INFO  com.kdc.dataclean.Application 50 - Starting Application on KEDA-995K4R2 with PID 1084 (E:\idea_workspace\data-clean\target\classes started by Administrator in E:\idea_workspace\data-clean)
2019-05-22 18:08:21.178 [main] INFO  com.kdc.dataclean.Application 679 - The following profiles are active: prod
2019-05-22 18:08:21.986 [main] INFO  o.s.boot.web.embedded.tomcat.TomcatWebServer 90 - Tomcat initialized with port(s): 8080 (http)
2019-05-22 18:08:21.996 [main] INFO  org.apache.coyote.http11.Http11NioProtocol 173 - Initializing ProtocolHandler ["http-nio-8080"]
2019-05-22 18:08:22.002 [main] INFO  org.apache.catalina.core.StandardService 173 - Starting service [Tomcat]
2019-05-22 18:08:22.002 [main] INFO  org.apache.catalina.core.StandardEngine 173 - Starting Servlet engine: [Apache Tomcat/9.0.17]
2019-05-22 18:08:22.091 [main] INFO  o.a.c.core.ContainerBase.[Tomcat].[localhost].[/] 173 - Initializing Spring embedded WebApplicationContext
2019-05-22 18:08:22.091 [main] INFO  org.springframework.web.context.ContextLoader 296 - Root WebApplicationContext: initialization completed in 877 ms
2019-05-22 18:08:22.286 [main] INFO  o.s.scheduling.concurrent.ThreadPoolTaskExecutor 171 - Initializing ExecutorService 'applicationTaskExecutor'
2019-05-22 18:08:22.367 [main] INFO  o.s.scheduling.concurrent.ThreadPoolTaskScheduler 171 - Initializing ExecutorService 'taskScheduler'
2019-05-22 18:08:22.395 [main] INFO  org.apache.coyote.http11.Http11NioProtocol 173 - Starting ProtocolHandler ["http-nio-8080"]
2019-05-22 18:08:22.409 [scheduling-1] INFO  com.alibaba.druid.pool.DruidDataSource 655 - {dataSource-1} inited
2019-05-22 18:08:22.413 [main] INFO  o.s.boot.web.embedded.tomcat.TomcatWebServer 204 - Tomcat started on port(s): 8080 (http) with context path ''
2019-05-22 18:08:22.415 [main] INFO  com.kdc.dataclean.Application 59 - Started Application in 1.561 seconds (JVM running for 2.054)
2019-05-22 18:08:22.581 [scheduling-1] INFO  com.alibaba.druid.pool.DruidDataSource 655 - {dataSource-2} inited
2019-05-22 18:08:22.606 [scheduling-1] ERROR o.s.s.support.TaskUtils$LoggingErrorHandler 96 - Unexpected error occurred in scheduled task.
java.lang.NullPointerException: null
	at com.kdc.dataclean.job.service.AddRessHouseWorkService.lambda$cleanData$1(AddRessHouseWorkService.java:64)
	at java.util.ArrayList.forEach(ArrayList.java:1257)
	at com.kdc.dataclean.job.service.AddRessHouseWorkService.cleanData(AddRessHouseWorkService.java:59)
	at com.kdc.dataclean.job.WorkJob.addRessHouseExecute(WorkJob.java:103)
	at sun.reflect.NativeMethodAccessorImpl.invoke0(Native Method)
	at sun.reflect.NativeMethodAccessorImpl.invoke(NativeMethodAccessorImpl.java:62)
	at sun.reflect.DelegatingMethodAccessorImpl.invoke(DelegatingMethodAccessorImpl.java:43)
	at java.lang.reflect.Method.invoke(Method.java:498)
	at org.springframework.scheduling.support.ScheduledMethodRunnable.run(ScheduledMethodRunnable.java:84)
	at org.springframework.scheduling.support.DelegatingErrorHandlingRunnable.run(DelegatingErrorHandlingRunnable.java:54)
	at java.util.concurrent.Executors$RunnableAdapter.call(Executors.java:511)
	at java.util.concurrent.FutureTask.runAndReset(FutureTask.java:308)
	at java.util.concurrent.ScheduledThreadPoolExecutor$ScheduledFutureTask.access$301(ScheduledThreadPoolExecutor.java:180)
	at java.util.concurrent.ScheduledThreadPoolExecutor$ScheduledFutureTask.run(ScheduledThreadPoolExecutor.java:294)
	at java.util.concurrent.ThreadPoolExecutor.runWorker(ThreadPoolExecutor.java:1149)
	at java.util.concurrent.ThreadPoolExecutor$Worker.run(ThreadPoolExecutor.java:624)
	at java.lang.Thread.run(Thread.java:748)
2019-05-22 18:11:06.401 [main] INFO  com.kdc.dataclean.Application 50 - Starting Application on KEDA-995K4R2 with PID 4940 (E:\idea_workspace\data-clean\target\classes started by Administrator in E:\idea_workspace\data-clean)
2019-05-22 18:11:06.403 [main] INFO  com.kdc.dataclean.Application 679 - The following profiles are active: prod
2019-05-22 18:11:07.171 [main] INFO  o.s.boot.web.embedded.tomcat.TomcatWebServer 90 - Tomcat initialized with port(s): 8080 (http)
2019-05-22 18:11:07.180 [main] INFO  org.apache.coyote.http11.Http11NioProtocol 173 - Initializing ProtocolHandler ["http-nio-8080"]
2019-05-22 18:11:07.187 [main] INFO  org.apache.catalina.core.StandardService 173 - Starting service [Tomcat]
2019-05-22 18:11:07.188 [main] INFO  org.apache.catalina.core.StandardEngine 173 - Starting Servlet engine: [Apache Tomcat/9.0.17]
2019-05-22 18:11:07.264 [main] INFO  o.a.c.core.ContainerBase.[Tomcat].[localhost].[/] 173 - Initializing Spring embedded WebApplicationContext
2019-05-22 18:11:07.264 [main] INFO  org.springframework.web.context.ContextLoader 296 - Root WebApplicationContext: initialization completed in 806 ms
2019-05-22 18:11:07.458 [main] INFO  o.s.scheduling.concurrent.ThreadPoolTaskExecutor 171 - Initializing ExecutorService 'applicationTaskExecutor'
2019-05-22 18:11:07.541 [main] INFO  o.s.scheduling.concurrent.ThreadPoolTaskScheduler 171 - Initializing ExecutorService 'taskScheduler'
2019-05-22 18:11:07.570 [main] INFO  org.apache.coyote.http11.Http11NioProtocol 173 - Starting ProtocolHandler ["http-nio-8080"]
2019-05-22 18:11:07.584 [scheduling-1] INFO  com.alibaba.druid.pool.DruidDataSource 655 - {dataSource-1} inited
2019-05-22 18:11:07.589 [main] INFO  o.s.boot.web.embedded.tomcat.TomcatWebServer 204 - Tomcat started on port(s): 8080 (http) with context path ''
2019-05-22 18:11:07.592 [main] INFO  com.kdc.dataclean.Application 59 - Started Application in 1.521 seconds (JVM running for 2.009)
2019-05-22 18:11:07.770 [scheduling-1] INFO  com.alibaba.druid.pool.DruidDataSource 655 - {dataSource-2} inited
2019-05-22 18:11:07.796 [scheduling-1] ERROR o.s.s.support.TaskUtils$LoggingErrorHandler 96 - Unexpected error occurred in scheduled task.
java.lang.NullPointerException: null
	at com.kdc.dataclean.job.service.AddRessHouseWorkService.lambda$cleanData$1(AddRessHouseWorkService.java:62)
	at java.util.ArrayList.forEach(ArrayList.java:1257)
	at com.kdc.dataclean.job.service.AddRessHouseWorkService.cleanData(AddRessHouseWorkService.java:58)
	at com.kdc.dataclean.job.WorkJob.addRessHouseExecute(WorkJob.java:103)
	at sun.reflect.NativeMethodAccessorImpl.invoke0(Native Method)
	at sun.reflect.NativeMethodAccessorImpl.invoke(NativeMethodAccessorImpl.java:62)
	at sun.reflect.DelegatingMethodAccessorImpl.invoke(DelegatingMethodAccessorImpl.java:43)
	at java.lang.reflect.Method.invoke(Method.java:498)
	at org.springframework.scheduling.support.ScheduledMethodRunnable.run(ScheduledMethodRunnable.java:84)
	at org.springframework.scheduling.support.DelegatingErrorHandlingRunnable.run(DelegatingErrorHandlingRunnable.java:54)
	at java.util.concurrent.Executors$RunnableAdapter.call(Executors.java:511)
	at java.util.concurrent.FutureTask.runAndReset(FutureTask.java:308)
	at java.util.concurrent.ScheduledThreadPoolExecutor$ScheduledFutureTask.access$301(ScheduledThreadPoolExecutor.java:180)
	at java.util.concurrent.ScheduledThreadPoolExecutor$ScheduledFutureTask.run(ScheduledThreadPoolExecutor.java:294)
	at java.util.concurrent.ThreadPoolExecutor.runWorker(ThreadPoolExecutor.java:1149)
	at java.util.concurrent.ThreadPoolExecutor$Worker.run(ThreadPoolExecutor.java:624)
	at java.lang.Thread.run(Thread.java:748)
2019-05-22 18:12:13.692 [main] INFO  com.kdc.dataclean.Application 50 - Starting Application on KEDA-995K4R2 with PID 4304 (E:\idea_workspace\data-clean\target\classes started by Administrator in E:\idea_workspace\data-clean)
2019-05-22 18:12:13.693 [main] INFO  com.kdc.dataclean.Application 679 - The following profiles are active: prod
2019-05-22 18:12:14.475 [main] INFO  o.s.boot.web.embedded.tomcat.TomcatWebServer 90 - Tomcat initialized with port(s): 8080 (http)
2019-05-22 18:12:14.484 [main] INFO  org.apache.coyote.http11.Http11NioProtocol 173 - Initializing ProtocolHandler ["http-nio-8080"]
2019-05-22 18:12:14.491 [main] INFO  org.apache.catalina.core.StandardService 173 - Starting service [Tomcat]
2019-05-22 18:12:14.491 [main] INFO  org.apache.catalina.core.StandardEngine 173 - Starting Servlet engine: [Apache Tomcat/9.0.17]
2019-05-22 18:12:14.568 [main] INFO  o.a.c.core.ContainerBase.[Tomcat].[localhost].[/] 173 - Initializing Spring embedded WebApplicationContext
2019-05-22 18:12:14.568 [main] INFO  org.springframework.web.context.ContextLoader 296 - Root WebApplicationContext: initialization completed in 848 ms
2019-05-22 18:12:14.762 [main] INFO  o.s.scheduling.concurrent.ThreadPoolTaskExecutor 171 - Initializing ExecutorService 'applicationTaskExecutor'
2019-05-22 18:12:14.844 [main] INFO  o.s.scheduling.concurrent.ThreadPoolTaskScheduler 171 - Initializing ExecutorService 'taskScheduler'
2019-05-22 18:12:14.871 [main] INFO  org.apache.coyote.http11.Http11NioProtocol 173 - Starting ProtocolHandler ["http-nio-8080"]
2019-05-22 18:12:14.885 [scheduling-1] INFO  com.alibaba.druid.pool.DruidDataSource 655 - {dataSource-1} inited
2019-05-22 18:12:14.889 [main] INFO  o.s.boot.web.embedded.tomcat.TomcatWebServer 204 - Tomcat started on port(s): 8080 (http) with context path ''
2019-05-22 18:12:14.892 [main] INFO  com.kdc.dataclean.Application 59 - Started Application in 1.498 seconds (JVM running for 1.976)
2019-05-22 18:12:15.061 [scheduling-1] INFO  com.alibaba.druid.pool.DruidDataSource 655 - {dataSource-2} inited
2019-05-22 18:12:15.099 [scheduling-1] ERROR o.s.s.support.TaskUtils$LoggingErrorHandler 96 - Unexpected error occurred in scheduled task.
java.lang.NullPointerException: null
	at com.kdc.dataclean.job.service.AddRessHouseWorkService.lambda$cleanData$1(AddRessHouseWorkService.java:63)
	at java.util.ArrayList.forEach(ArrayList.java:1257)
	at com.kdc.dataclean.job.service.AddRessHouseWorkService.cleanData(AddRessHouseWorkService.java:58)
	at com.kdc.dataclean.job.WorkJob.addRessHouseExecute(WorkJob.java:103)
	at sun.reflect.NativeMethodAccessorImpl.invoke0(Native Method)
	at sun.reflect.NativeMethodAccessorImpl.invoke(NativeMethodAccessorImpl.java:62)
	at sun.reflect.DelegatingMethodAccessorImpl.invoke(DelegatingMethodAccessorImpl.java:43)
	at java.lang.reflect.Method.invoke(Method.java:498)
	at org.springframework.scheduling.support.ScheduledMethodRunnable.run(ScheduledMethodRunnable.java:84)
	at org.springframework.scheduling.support.DelegatingErrorHandlingRunnable.run(DelegatingErrorHandlingRunnable.java:54)
	at java.util.concurrent.Executors$RunnableAdapter.call(Executors.java:511)
	at java.util.concurrent.FutureTask.runAndReset(FutureTask.java:308)
	at java.util.concurrent.ScheduledThreadPoolExecutor$ScheduledFutureTask.access$301(ScheduledThreadPoolExecutor.java:180)
	at java.util.concurrent.ScheduledThreadPoolExecutor$ScheduledFutureTask.run(ScheduledThreadPoolExecutor.java:294)
	at java.util.concurrent.ThreadPoolExecutor.runWorker(ThreadPoolExecutor.java:1149)
	at java.util.concurrent.ThreadPoolExecutor$Worker.run(ThreadPoolExecutor.java:624)
	at java.lang.Thread.run(Thread.java:748)
2019-05-22 18:15:52.465 [main] INFO  com.kdc.dataclean.Application 50 - Starting Application on KEDA-995K4R2 with PID 3620 (E:\idea_workspace\data-clean\target\classes started by Administrator in E:\idea_workspace\data-clean)
2019-05-22 18:15:52.467 [main] INFO  com.kdc.dataclean.Application 679 - The following profiles are active: prod
2019-05-22 18:15:53.239 [main] INFO  o.s.boot.web.embedded.tomcat.TomcatWebServer 90 - Tomcat initialized with port(s): 8080 (http)
2019-05-22 18:15:53.248 [main] INFO  org.apache.coyote.http11.Http11NioProtocol 173 - Initializing ProtocolHandler ["http-nio-8080"]
2019-05-22 18:15:53.255 [main] INFO  org.apache.catalina.core.StandardService 173 - Starting service [Tomcat]
2019-05-22 18:15:53.255 [main] INFO  org.apache.catalina.core.StandardEngine 173 - Starting Servlet engine: [Apache Tomcat/9.0.17]
2019-05-22 18:15:53.432 [main] INFO  o.a.c.core.ContainerBase.[Tomcat].[localhost].[/] 173 - Initializing Spring embedded WebApplicationContext
2019-05-22 18:15:53.432 [main] INFO  org.springframework.web.context.ContextLoader 296 - Root WebApplicationContext: initialization completed in 931 ms
2019-05-22 18:15:53.635 [main] INFO  o.s.scheduling.concurrent.ThreadPoolTaskExecutor 171 - Initializing ExecutorService 'applicationTaskExecutor'
2019-05-22 18:15:53.720 [main] INFO  o.s.scheduling.concurrent.ThreadPoolTaskScheduler 171 - Initializing ExecutorService 'taskScheduler'
2019-05-22 18:15:53.747 [main] INFO  org.apache.coyote.http11.Http11NioProtocol 173 - Starting ProtocolHandler ["http-nio-8080"]
2019-05-22 18:15:53.761 [scheduling-1] INFO  com.alibaba.druid.pool.DruidDataSource 655 - {dataSource-1} inited
2019-05-22 18:15:53.765 [main] INFO  o.s.boot.web.embedded.tomcat.TomcatWebServer 204 - Tomcat started on port(s): 8080 (http) with context path ''
2019-05-22 18:15:53.767 [main] INFO  com.kdc.dataclean.Application 59 - Started Application in 1.655 seconds (JVM running for 2.119)
2019-05-22 18:15:53.940 [scheduling-1] INFO  com.alibaba.druid.pool.DruidDataSource 655 - {dataSource-2} inited
2019-05-22 18:15:53.978 [scheduling-1] ERROR o.s.s.support.TaskUtils$LoggingErrorHandler 96 - Unexpected error occurred in scheduled task.
java.lang.NullPointerException: null
	at com.kdc.dataclean.job.service.AddRessHouseWorkService.lambda$cleanData$1(AddRessHouseWorkService.java:64)
	at java.util.ArrayList.forEach(ArrayList.java:1257)
	at com.kdc.dataclean.job.service.AddRessHouseWorkService.cleanData(AddRessHouseWorkService.java:59)
	at com.kdc.dataclean.job.WorkJob.addRessHouseExecute(WorkJob.java:103)
	at sun.reflect.NativeMethodAccessorImpl.invoke0(Native Method)
	at sun.reflect.NativeMethodAccessorImpl.invoke(NativeMethodAccessorImpl.java:62)
	at sun.reflect.DelegatingMethodAccessorImpl.invoke(DelegatingMethodAccessorImpl.java:43)
	at java.lang.reflect.Method.invoke(Method.java:498)
	at org.springframework.scheduling.support.ScheduledMethodRunnable.run(ScheduledMethodRunnable.java:84)
	at org.springframework.scheduling.support.DelegatingErrorHandlingRunnable.run(DelegatingErrorHandlingRunnable.java:54)
	at java.util.concurrent.Executors$RunnableAdapter.call(Executors.java:511)
	at java.util.concurrent.FutureTask.runAndReset(FutureTask.java:308)
	at java.util.concurrent.ScheduledThreadPoolExecutor$ScheduledFutureTask.access$301(ScheduledThreadPoolExecutor.java:180)
	at java.util.concurrent.ScheduledThreadPoolExecutor$ScheduledFutureTask.run(ScheduledThreadPoolExecutor.java:294)
	at java.util.concurrent.ThreadPoolExecutor.runWorker(ThreadPoolExecutor.java:1149)
	at java.util.concurrent.ThreadPoolExecutor$Worker.run(ThreadPoolExecutor.java:624)
	at java.lang.Thread.run(Thread.java:748)
2019-05-22 18:20:31.562 [main] INFO  com.kdc.dataclean.Application 50 - Starting Application on KEDA-995K4R2 with PID 6340 (E:\idea_workspace\data-clean\target\classes started by Administrator in E:\idea_workspace\data-clean)
2019-05-22 18:20:31.565 [main] INFO  com.kdc.dataclean.Application 679 - The following profiles are active: prod
2019-05-22 18:20:32.420 [main] INFO  o.s.boot.web.embedded.tomcat.TomcatWebServer 90 - Tomcat initialized with port(s): 8080 (http)
2019-05-22 18:20:32.435 [main] INFO  org.apache.coyote.http11.Http11NioProtocol 173 - Initializing ProtocolHandler ["http-nio-8080"]
2019-05-22 18:20:32.453 [main] INFO  org.apache.catalina.core.StandardService 173 - Starting service [Tomcat]
2019-05-22 18:20:32.453 [main] INFO  org.apache.catalina.core.StandardEngine 173 - Starting Servlet engine: [Apache Tomcat/9.0.17]
2019-05-22 18:20:32.613 [main] INFO  o.a.c.core.ContainerBase.[Tomcat].[localhost].[/] 173 - Initializing Spring embedded WebApplicationContext
2019-05-22 18:20:32.614 [main] INFO  org.springframework.web.context.ContextLoader 296 - Root WebApplicationContext: initialization completed in 1016 ms
2019-05-22 18:20:32.893 [main] INFO  o.s.scheduling.concurrent.ThreadPoolTaskExecutor 171 - Initializing ExecutorService 'applicationTaskExecutor'
2019-05-22 18:20:33.001 [main] INFO  o.s.scheduling.concurrent.ThreadPoolTaskScheduler 171 - Initializing ExecutorService 'taskScheduler'
2019-05-22 18:20:33.039 [main] INFO  org.apache.coyote.http11.Http11NioProtocol 173 - Starting ProtocolHandler ["http-nio-8080"]
2019-05-22 18:20:33.059 [scheduling-1] INFO  com.alibaba.druid.pool.DruidDataSource 655 - {dataSource-1} inited
2019-05-22 18:20:33.061 [main] INFO  o.s.boot.web.embedded.tomcat.TomcatWebServer 204 - Tomcat started on port(s): 8080 (http) with context path ''
2019-05-22 18:20:33.065 [main] INFO  com.kdc.dataclean.Application 59 - Started Application in 1.884 seconds (JVM running for 3.275)
2019-05-22 18:20:33.270 [scheduling-1] INFO  com.alibaba.druid.pool.DruidDataSource 655 - {dataSource-2} inited
2019-05-22 18:23:50.385 [scheduling-1] ERROR o.s.s.support.TaskUtils$LoggingErrorHandler 96 - Unexpected error occurred in scheduled task.
java.lang.NullPointerException: null
	at com.kdc.dataclean.job.service.AddRessHouseWorkService.lambda$cleanData$1(AddRessHouseWorkService.java:64)
	at java.util.ArrayList.forEach(ArrayList.java:1257)
	at com.kdc.dataclean.job.service.AddRessHouseWorkService.cleanData(AddRessHouseWorkService.java:59)
	at com.kdc.dataclean.job.WorkJob.addRessHouseExecute(WorkJob.java:103)
	at sun.reflect.NativeMethodAccessorImpl.invoke0(Native Method)
	at sun.reflect.NativeMethodAccessorImpl.invoke(NativeMethodAccessorImpl.java:62)
	at sun.reflect.DelegatingMethodAccessorImpl.invoke(DelegatingMethodAccessorImpl.java:43)
	at java.lang.reflect.Method.invoke(Method.java:498)
	at org.springframework.scheduling.support.ScheduledMethodRunnable.run(ScheduledMethodRunnable.java:84)
	at org.springframework.scheduling.support.DelegatingErrorHandlingRunnable.run(DelegatingErrorHandlingRunnable.java:54)
	at java.util.concurrent.Executors$RunnableAdapter.call(Executors.java:511)
	at java.util.concurrent.FutureTask.runAndReset$$$capture(FutureTask.java:308)
	at java.util.concurrent.FutureTask.runAndReset(FutureTask.java)
	at java.util.concurrent.ScheduledThreadPoolExecutor$ScheduledFutureTask.access$301(ScheduledThreadPoolExecutor.java:180)
	at java.util.concurrent.ScheduledThreadPoolExecutor$ScheduledFutureTask.run(ScheduledThreadPoolExecutor.java:294)
	at java.util.concurrent.ThreadPoolExecutor.runWorker(ThreadPoolExecutor.java:1149)
	at java.util.concurrent.ThreadPoolExecutor$Worker.run(ThreadPoolExecutor.java:624)
	at java.lang.Thread.run(Thread.java:748)
2019-05-22 18:24:10.967 [Thread-3] INFO  o.s.scheduling.concurrent.ThreadPoolTaskScheduler 208 - Shutting down ExecutorService 'taskScheduler'
2019-05-22 18:24:10.968 [Thread-3] INFO  o.s.scheduling.concurrent.ThreadPoolTaskExecutor 208 - Shutting down ExecutorService 'applicationTaskExecutor'
2019-05-22 18:24:10.972 [Thread-3] INFO  com.alibaba.druid.pool.DruidDataSource 1370 - {dataSource-1} closed
2019-05-22 18:24:10.972 [Thread-3] INFO  com.alibaba.druid.pool.DruidDataSource 1370 - {dataSource-2} closed
2019-05-22 18:24:15.355 [main] INFO  com.kdc.dataclean.Application 50 - Starting Application on KEDA-995K4R2 with PID 8040 (E:\idea_workspace\data-clean\target\classes started by Administrator in E:\idea_workspace\data-clean)
2019-05-22 18:24:15.358 [main] INFO  com.kdc.dataclean.Application 679 - The following profiles are active: prod
2019-05-22 18:24:16.313 [main] INFO  o.s.boot.web.embedded.tomcat.TomcatWebServer 90 - Tomcat initialized with port(s): 8080 (http)
2019-05-22 18:24:16.321 [main] INFO  org.apache.coyote.http11.Http11NioProtocol 173 - Initializing ProtocolHandler ["http-nio-8080"]
2019-05-22 18:24:16.327 [main] INFO  org.apache.catalina.core.StandardService 173 - Starting service [Tomcat]
2019-05-22 18:24:16.328 [main] INFO  org.apache.catalina.core.StandardEngine 173 - Starting Servlet engine: [Apache Tomcat/9.0.17]
2019-05-22 18:24:16.401 [main] INFO  o.a.c.core.ContainerBase.[Tomcat].[localhost].[/] 173 - Initializing Spring embedded WebApplicationContext
2019-05-22 18:24:16.402 [main] INFO  org.springframework.web.context.ContextLoader 296 - Root WebApplicationContext: initialization completed in 996 ms
2019-05-22 18:24:16.596 [main] INFO  o.s.scheduling.concurrent.ThreadPoolTaskExecutor 171 - Initializing ExecutorService 'applicationTaskExecutor'
2019-05-22 18:24:16.678 [main] INFO  o.s.scheduling.concurrent.ThreadPoolTaskScheduler 171 - Initializing ExecutorService 'taskScheduler'
2019-05-22 18:24:16.707 [main] INFO  org.apache.coyote.http11.Http11NioProtocol 173 - Starting ProtocolHandler ["http-nio-8080"]
2019-05-22 18:24:16.721 [scheduling-1] INFO  com.alibaba.druid.pool.DruidDataSource 655 - {dataSource-1} inited
2019-05-22 18:24:16.724 [main] INFO  o.s.boot.web.embedded.tomcat.TomcatWebServer 204 - Tomcat started on port(s): 8080 (http) with context path ''
2019-05-22 18:24:16.727 [main] INFO  com.kdc.dataclean.Application 59 - Started Application in 1.691 seconds (JVM running for 2.508)
2019-05-22 18:24:16.899 [scheduling-1] INFO  com.alibaba.druid.pool.DruidDataSource 655 - {dataSource-2} inited
2019-05-22 18:24:16.949 [scheduling-1] ERROR o.s.s.support.TaskUtils$LoggingErrorHandler 96 - Unexpected error occurred in scheduled task.
java.lang.NullPointerException: null
	at com.kdc.dataclean.job.service.AddRessHouseWorkService.lambda$cleanData$1(AddRessHouseWorkService.java:66)
	at java.util.ArrayList.forEach(ArrayList.java:1257)
	at com.kdc.dataclean.job.service.AddRessHouseWorkService.cleanData(AddRessHouseWorkService.java:59)
	at com.kdc.dataclean.job.WorkJob.addRessHouseExecute(WorkJob.java:103)
	at sun.reflect.NativeMethodAccessorImpl.invoke0(Native Method)
	at sun.reflect.NativeMethodAccessorImpl.invoke(NativeMethodAccessorImpl.java:62)
	at sun.reflect.DelegatingMethodAccessorImpl.invoke(DelegatingMethodAccessorImpl.java:43)
	at java.lang.reflect.Method.invoke(Method.java:498)
	at org.springframework.scheduling.support.ScheduledMethodRunnable.run(ScheduledMethodRunnable.java:84)
	at org.springframework.scheduling.support.DelegatingErrorHandlingRunnable.run(DelegatingErrorHandlingRunnable.java:54)
	at java.util.concurrent.Executors$RunnableAdapter.call(Executors.java:511)
	at java.util.concurrent.FutureTask.runAndReset(FutureTask.java:308)
	at java.util.concurrent.ScheduledThreadPoolExecutor$ScheduledFutureTask.access$301(ScheduledThreadPoolExecutor.java:180)
	at java.util.concurrent.ScheduledThreadPoolExecutor$ScheduledFutureTask.run(ScheduledThreadPoolExecutor.java:294)
	at java.util.concurrent.ThreadPoolExecutor.runWorker(ThreadPoolExecutor.java:1149)
	at java.util.concurrent.ThreadPoolExecutor$Worker.run(ThreadPoolExecutor.java:624)
	at java.lang.Thread.run(Thread.java:748)
